Invalid port. Exiting...
1653710766743	geckodriver	INFO	Listening on 127.0.0.1:52502
1653710769809	mozrunner::runner	INFO	Running command: "C:\\Program Files\\Mozilla Firefox\\firefox.exe" "--marionette" "--remote-debugging-port" "52503" "--remote-allow-hosts" "localhost" "-no-remote" "-profile" "C:\\Users\\ALEKSA~1\\AppData\\Local\\Temp\\rust_mozprofileJ40d8A"
1653710808422	geckodriver	INFO	Listening on 127.0.0.1:52556
1653710811487	mozrunner::runner	INFO	Running command: "C:\\Program Files\\Mozilla Firefox\\firefox.exe" "--marionette" "--remote-debugging-port" "52557" "--remote-allow-hosts" "localhost" "-no-remote" "-profile" "C:\\Users\\ALEKSA~1\\AppData\\Local\\Temp\\rust_mozprofileNj0GAu"
1653710811706	Marionette	INFO	Marionette enabled
console.warn: SearchSettings: "get: No settings file exists, new profile?" (new NotFoundError("Could not open the file at C:\\Users\\ALEKSA~1\\AppData\\Local\\Temp\\rust_mozprofileNj0GAu\\search.json.mozlz4", (void 0)))
DevTools listening on ws://localhost:52557/devtools/browser/99a04d47-7f70-4dc4-b8a9-e24bf3d17932
1653710812780	Marionette	INFO	Listening on port 52576
Read port: 52576
1653710812804	RemoteAgent	WARN	TLS certificate errors will be ignored for this session
1653710818292	Marionette	INFO	Stopped listening on port 52576
console.warn: TopSitesFeed: Failed to fetch data from Contile server: NetworkError when attempting to fetch resource.
1653718918984	geckodriver	INFO	Listening on 127.0.0.1:63468
1653718922044	mozrunner::runner	INFO	Running command: "C:\\Program Files\\Mozilla Firefox\\firefox.exe" "--marionette" "--remote-debugging-port" "63469" "--remote-allow-hosts" "localhost" "-no-remote" "-profile" "C:\\Users\\ALEKSA~1\\AppData\\Local\\Temp\\rust_mozprofilezkVazg"
1653718922274	Marionette	INFO	Marionette enabled
console.warn: SearchSettings: "get: No settings file exists, new profile?" (new NotFoundError("Could not open the file at C:\\Users\\ALEKSA~1\\AppData\\Local\\Temp\\rust_mozprofilezkVazg\\search.json.mozlz4", (void 0)))
DevTools listening on ws://localhost:63469/devtools/browser/0419ff74-1d29-4dbd-af17-6456d35fdcdf
1653718923326	Marionette	INFO	Listening on port 63487
Read port: 63487
1653718923373	RemoteAgent	WARN	TLS certificate errors will be ignored for this session
1653718924494	Marionette	INFO	Stopped listening on port 63487
1653780051840	geckodriver	INFO	Listening on 127.0.0.1:54694
1653780054880	mozrunner::runner	INFO	Running command: "C:\\Program Files\\Mozilla Firefox\\firefox.exe" "--marionette" "--remote-debugging-port" "54695" "--remote-allow-hosts" "localhost" "-no-remote" "-profile" "C:\\Users\\ALEKSA~1\\AppData\\Local\\Temp\\rust_mozprofileAl44k6"
1653780055225	Marionette	INFO	Marionette enabled
console.warn: SearchSettings: "get: No settings file exists, new profile?" (new NotFoundError("Could not open the file at C:\\Users\\ALEKSA~1\\AppData\\Local\\Temp\\rust_mozprofileAl44k6\\search.json.mozlz4", (void 0)))
DevTools listening on ws://localhost:54695/devtools/browser/9c76260e-0c05-4b39-978a-6d020b540978
1653780056498	Marionette	INFO	Listening on port 54714
Read port: 54714
1653780056533	RemoteAgent	WARN	TLS certificate errors will be ignored for this session
1653780061266	Marionette	INFO	Stopped listening on port 54714

###!!! [Parent][PGPUParent] Error: RunMessage(msgname=PGPU::Msg_ShutdownVR) Channel closing: too late to send/recv, messages will be lost

1653780151112	geckodriver	INFO	Listening on 127.0.0.1:54772
1653780154174	mozrunner::runner	INFO	Running command: "C:\\Program Files\\Mozilla Firefox\\firefox.exe" "--marionette" "--remote-debugging-port" "54773" "--remote-allow-hosts" "localhost" "-no-remote" "-profile" "C:\\Users\\ALEKSA~1\\AppData\\Local\\Temp\\rust_mozprofileX6x7yy"
1653780154388	Marionette	INFO	Marionette enabled
console.warn: SearchSettings: "get: No settings file exists, new profile?" (new NotFoundError("Could not open the file at C:\\Users\\ALEKSA~1\\AppData\\Local\\Temp\\rust_mozprofileX6x7yy\\search.json.mozlz4", (void 0)))
DevTools listening on ws://localhost:54773/devtools/browser/c0b92b7f-af7e-4cd6-9a88-eb67a2ad42b2
1653780155426	Marionette	INFO	Listening on port 54794
Read port: 54794
1653780155481	RemoteAgent	WARN	TLS certificate errors will be ignored for this session
1653780157063	Marionette	INFO	Stopped listening on port 54794
1653783447340	geckodriver	INFO	Listening on 127.0.0.1:64457
1653783450427	mozrunner::runner	INFO	Running command: "C:\\Program Files\\Mozilla Firefox\\firefox.exe" "--marionette" "--remote-debugging-port" "64458" "--remote-allow-hosts" "localhost" "-no-remote" "-profile" "C:\\Users\\ALEKSA~1\\AppData\\Local\\Temp\\rust_mozprofileCDoC7p"
1653783450660	Marionette	INFO	Marionette enabled
console.warn: SearchSettings: "get: No settings file exists, new profile?" (new NotFoundError("Could not open the file at C:\\Users\\ALEKSA~1\\AppData\\Local\\Temp\\rust_mozprofileCDoC7p\\search.json.mozlz4", (void 0)))
DevTools listening on ws://localhost:64458/devtools/browser/8cec6418-12d7-4428-96b7-3ea4db596325
1653783451734	Marionette	INFO	Listening on port 64480
Read port: 64480
1653783451851	RemoteAgent	WARN	TLS certificate errors will be ignored for this session
1653783454062	Marionette	INFO	Stopped listening on port 64480
[Parent 16452, IPC I/O Parent] WARNING: file /builds/worker/checkouts/gecko/ipc/chromium/src/base/process_util_win.cc:167
1653882099425	geckodriver	INFO	Listening on 127.0.0.1:60584
1653882102471	mozrunner::runner	INFO	Running command: "C:\\Program Files\\Mozilla Firefox\\firefox.exe" "--marionette" "--remote-debugging-port" "60585" "--remote-allow-hosts" "localhost" "-no-remote" "-profile" "C:\\Users\\ALEKSA~1\\AppData\\Local\\Temp\\rust_mozprofilee5ePv1"
1653882102770	Marionette	INFO	Marionette enabled
console.warn: SearchSettings: "get: No settings file exists, new profile?" (new NotFoundError("Could not open the file at C:\\Users\\ALEKSA~1\\AppData\\Local\\Temp\\rust_mozprofilee5ePv1\\search.json.mozlz4", (void 0)))
DevTools listening on ws://localhost:60585/devtools/browser/fcb4c938-9d99-415d-95f3-6c1816001d38
1653882103878	Marionette	INFO	Listening on port 60604
Read port: 60604
1653882103906	RemoteAgent	WARN	TLS certificate errors will be ignored for this session
1653882105289	Marionette	INFO	Stopped listening on port 60604
